<?xml version="1.0" encoding="UTF-8"?>
<testng-results ignored="0" total="1" passed="1" failed="0" skipped="0">
  <reporter-output>
  </reporter-output>
  <suite started-at="2024-03-31T11:53:28 IST" name="Default suite" finished-at="2024-03-31T11:53:40 IST" duration-ms="12193">
    <groups>
    </groups>
    <test started-at="2024-03-31T11:53:28 IST" name="Default test" finished-at="2024-03-31T11:53:40 IST" duration-ms="12193">
      <class name="seTestNGPrograms.ShaadiRegisterTest">
        <test-method is-config="true" signature="beforeTest()[pri:0, instance:seTestNGPrograms.ShaadiRegisterTest@635eaaf1]" started-at="2024-03-31T11:53:28 IST" name="beforeTest" finished-at="2024-03-31T11:53:40 IST" duration-ms="11406" status="PASS">
          <reporter-output>
          </reporter-output>
        </test-method> <!-- beforeTest -->
        <test-method signature="registerTest()[pri:0, instance:seTestNGPrograms.ShaadiRegisterTest@635eaaf1]" started-at="2024-03-31T11:53:40 IST" name="registerTest" finished-at="2024-03-31T11:53:40 IST" duration-ms="17" status="PASS">
          <reporter-output>
          </reporter-output>
        </test-method> <!-- registerTest -->
        <test-method is-config="true" signature="afterTest()[pri:0, instance:seTestNGPrograms.ShaadiRegisterTest@635eaaf1]" started-at="2024-03-31T11:53:40 IST" name="afterTest" finished-at="2024-03-31T11:53:40 IST" duration-ms="720" status="PASS">
          <reporter-output>
          </reporter-output>
        </test-method> <!-- afterTest -->
      </class> <!-- seTestNGPrograms.ShaadiRegisterTest -->
    </test> <!-- Default test -->
  </suite> <!-- Default suite -->
</testng-results>
